# Logfile created on 2014-04-12 22:54:49 -0400 by logger.rb/31641
I, [2014-04-12T22:54:49.135606 #187997]  INFO -- : 0:  rake (10.1.1) from /usr/libexec/openshift/cartridges/c9-0.1/root/lib/ruby/gems/specifications/rake-10.1.1.gemspec
I, [2014-04-12T22:54:49.136675 #187997]  INFO -- : 0:  i18n (0.6.9) from /usr/libexec/openshift/cartridges/c9-0.1/root/lib/ruby/gems/specifications/i18n-0.6.9.gemspec
I, [2014-04-12T22:54:49.137288 #187997]  INFO -- : 0:  minitest (4.7.5) from /usr/libexec/openshift/cartridges/c9-0.1/root/lib/ruby/gems/specifications/minitest-4.7.5.gemspec
I, [2014-04-12T22:54:49.138742 #187997]  INFO -- : 0:  multi_json (1.8.4) from /usr/libexec/openshift/cartridges/c9-0.1/root/lib/ruby/gems/specifications/multi_json-1.8.4.gemspec
I, [2014-04-12T22:54:49.139415 #187997]  INFO -- : 0:  atomic (1.1.14) from /usr/libexec/openshift/cartridges/c9-0.1/root/lib/ruby/gems/specifications/atomic-1.1.14.gemspec
I, [2014-04-12T22:54:49.140315 #187997]  INFO -- : 0:  thread_safe (0.1.3) from /usr/libexec/openshift/cartridges/c9-0.1/root/lib/ruby/gems/specifications/thread_safe-0.1.3.gemspec
I, [2014-04-12T22:54:49.141127 #187997]  INFO -- : 0:  tzinfo (0.3.38) from /usr/libexec/openshift/cartridges/c9-0.1/root/lib/ruby/gems/specifications/tzinfo-0.3.38.gemspec
I, [2014-04-12T22:54:49.142006 #187997]  INFO -- : 0:  activesupport (4.0.0) from /usr/libexec/openshift/cartridges/c9-0.1/root/lib/ruby/gems/specifications/activesupport-4.0.0.gemspec
I, [2014-04-12T22:54:49.142891 #187997]  INFO -- : 0:  builder (3.1.4) from /usr/libexec/openshift/cartridges/c9-0.1/root/lib/ruby/gems/specifications/builder-3.1.4.gemspec
I, [2014-04-12T22:54:49.143688 #187997]  INFO -- : 0:  erubis (2.7.0) from /usr/libexec/openshift/cartridges/c9-0.1/root/lib/ruby/gems/specifications/erubis-2.7.0.gemspec
I, [2014-04-12T22:54:49.144307 #187997]  INFO -- : 0:  rack (1.5.2) from /usr/libexec/openshift/cartridges/c9-0.1/root/lib/ruby/gems/specifications/rack-1.5.2.gemspec
I, [2014-04-12T22:54:49.145184 #187997]  INFO -- : 0:  rack-test (0.6.2) from /usr/libexec/openshift/cartridges/c9-0.1/root/lib/ruby/gems/specifications/rack-test-0.6.2.gemspec
I, [2014-04-12T22:54:49.146031 #187997]  INFO -- : 0:  actionpack (4.0.0) from /usr/libexec/openshift/cartridges/c9-0.1/root/lib/ruby/gems/specifications/actionpack-4.0.0.gemspec
I, [2014-04-12T22:54:49.146896 #187997]  INFO -- : 0:  mime-types (1.25.1) from /usr/libexec/openshift/cartridges/c9-0.1/root/lib/ruby/gems/specifications/mime-types-1.25.1.gemspec
I, [2014-04-12T22:54:49.147797 #187997]  INFO -- : 0:  polyglot (0.3.3) from /usr/libexec/openshift/cartridges/c9-0.1/root/lib/ruby/gems/specifications/polyglot-0.3.3.gemspec
I, [2014-04-12T22:54:49.148557 #187997]  INFO -- : 0:  treetop (1.4.15) from /usr/libexec/openshift/cartridges/c9-0.1/root/lib/ruby/gems/specifications/treetop-1.4.15.gemspec
I, [2014-04-12T22:54:49.149224 #187997]  INFO -- : 0:  mail (2.5.4) from /usr/libexec/openshift/cartridges/c9-0.1/root/lib/ruby/gems/specifications/mail-2.5.4.gemspec
I, [2014-04-12T22:54:49.150156 #187997]  INFO -- : 0:  actionmailer (4.0.0) from /usr/libexec/openshift/cartridges/c9-0.1/root/lib/ruby/gems/specifications/actionmailer-4.0.0.gemspec
I, [2014-04-12T22:54:49.150975 #187997]  INFO -- : 0:  activemodel (4.0.0) from /usr/libexec/openshift/cartridges/c9-0.1/root/lib/ruby/gems/specifications/activemodel-4.0.0.gemspec
I, [2014-04-12T22:54:49.151822 #187997]  INFO -- : 0:  activerecord-deprecated_finders (1.0.3) from /usr/libexec/openshift/cartridges/c9-0.1/root/lib/ruby/gems/specifications/activerecord-deprecated_finders-1.0.3.gemspec
I, [2014-04-12T22:54:49.152510 #187997]  INFO -- : 0:  arel (4.0.1) from /usr/libexec/openshift/cartridges/c9-0.1/root/lib/ruby/gems/specifications/arel-4.0.1.gemspec
I, [2014-04-12T22:54:49.153371 #187997]  INFO -- : 0:  activerecord (4.0.0) from /usr/libexec/openshift/cartridges/c9-0.1/root/lib/ruby/gems/specifications/activerecord-4.0.0.gemspec
I, [2014-04-12T22:54:57.195044 #187997]  INFO -- : 0:  bcrypt (3.1.7) from /var/lib/stickshift/534779df5004463127000b0f/app-root/data/lib/ruby/gems/specifications/bcrypt-3.1.7.gemspec
I, [2014-04-12T22:54:57.233838 #187997]  INFO -- : 0:  bundler (1.5.1) from /usr/libexec/openshift/cartridges/c9-0.1/root/lib/ruby/gems/specifications/bundler-1.5.1.gemspec
I, [2014-04-12T22:54:57.235225 #187997]  INFO -- : 0:  coffee-script-source (1.6.3) from /usr/libexec/openshift/cartridges/c9-0.1/root/lib/ruby/gems/specifications/coffee-script-source-1.6.3.gemspec
I, [2014-04-12T22:54:57.236086 #187997]  INFO -- : 0:  execjs (2.0.2) from /usr/libexec/openshift/cartridges/c9-0.1/root/lib/ruby/gems/specifications/execjs-2.0.2.gemspec
I, [2014-04-12T22:54:57.237415 #187997]  INFO -- : 0:  coffee-script (2.2.0) from /usr/libexec/openshift/cartridges/c9-0.1/root/lib/ruby/gems/specifications/coffee-script-2.2.0.gemspec
I, [2014-04-12T22:54:57.238747 #187997]  INFO -- : 0:  thor (0.18.1) from /usr/libexec/openshift/cartridges/c9-0.1/root/lib/ruby/gems/specifications/thor-0.18.1.gemspec
I, [2014-04-12T22:54:57.239569 #187997]  INFO -- : 0:  railties (4.0.0) from /usr/libexec/openshift/cartridges/c9-0.1/root/lib/ruby/gems/specifications/railties-4.0.0.gemspec
I, [2014-04-12T22:54:57.240846 #187997]  INFO -- : 0:  coffee-rails (4.0.1) from /usr/libexec/openshift/cartridges/c9-0.1/root/lib/ruby/gems/specifications/coffee-rails-4.0.1.gemspec
I, [2014-04-12T22:54:58.658197 #187997]  INFO -- : 0:  orm_adapter (0.5.0) from /var/lib/stickshift/534779df5004463127000b0f/app-root/data/lib/ruby/gems/specifications/orm_adapter-0.5.0.gemspec
I, [2014-04-12T22:54:59.849632 #187997]  INFO -- : 0:  warden (1.2.3) from /var/lib/stickshift/534779df5004463127000b0f/app-root/data/lib/ruby/gems/specifications/warden-1.2.3.gemspec
I, [2014-04-12T22:55:03.281753 #187997]  INFO -- : 0:  devise (3.2.4) from /var/lib/stickshift/534779df5004463127000b0f/app-root/data/lib/ruby/gems/specifications/devise-3.2.4.gemspec
I, [2014-04-12T22:55:03.282651 #187997]  INFO -- : 0:  hike (1.2.3) from /usr/libexec/openshift/cartridges/c9-0.1/root/lib/ruby/gems/specifications/hike-1.2.3.gemspec
I, [2014-04-12T22:55:03.283357 #187997]  INFO -- : 0:  jbuilder (1.5.3) from /usr/libexec/openshift/cartridges/c9-0.1/root/lib/ruby/gems/specifications/jbuilder-1.5.3.gemspec
I, [2014-04-12T22:55:03.285014 #187997]  INFO -- : 0:  jquery-rails (3.0.4) from /usr/libexec/openshift/cartridges/c9-0.1/root/lib/ruby/gems/specifications/jquery-rails-3.0.4.gemspec
I, [2014-04-12T22:55:03.402214 #187997]  INFO -- : 0:  json (1.8.1) from /usr/libexec/openshift/cartridges/c9-0.1/root/lib/ruby/gems/specifications/json-1.8.1.gemspec
I, [2014-04-12T22:55:03.402972 #187997]  INFO -- : 0:  tilt (1.4.1) from /usr/libexec/openshift/cartridges/c9-0.1/root/lib/ruby/gems/specifications/tilt-1.4.1.gemspec
I, [2014-04-12T22:55:03.404802 #187997]  INFO -- : 0:  sprockets (2.10.1) from /usr/libexec/openshift/cartridges/c9-0.1/root/lib/ruby/gems/specifications/sprockets-2.10.1.gemspec
I, [2014-04-12T22:55:03.435578 #187997]  INFO -- : 0:  sprockets-rails (2.0.1) from /usr/libexec/openshift/cartridges/c9-0.1/root/lib/ruby/gems/specifications/sprockets-rails-2.0.1.gemspec
I, [2014-04-12T22:55:03.436247 #187997]  INFO -- : 0:  rails (4.0.0) from /usr/libexec/openshift/cartridges/c9-0.1/root/lib/ruby/gems/specifications/rails-4.0.0.gemspec
I, [2014-04-12T22:55:03.439332 #187997]  INFO -- : 0:  rdoc (4.1.1) from /usr/libexec/openshift/cartridges/c9-0.1/root/lib/ruby/gems/specifications/rdoc-4.1.1.gemspec
I, [2014-04-12T22:55:03.440862 #187997]  INFO -- : 0:  sass (3.2.13) from /usr/libexec/openshift/cartridges/c9-0.1/root/lib/ruby/gems/specifications/sass-3.2.13.gemspec
I, [2014-04-12T22:55:03.441501 #187997]  INFO -- : 0:  sass-rails (4.0.1) from /usr/libexec/openshift/cartridges/c9-0.1/root/lib/ruby/gems/specifications/sass-rails-4.0.1.gemspec
I, [2014-04-12T22:55:03.442155 #187997]  INFO -- : 0:  sdoc (0.4.0) from /usr/libexec/openshift/cartridges/c9-0.1/root/lib/ruby/gems/specifications/sdoc-0.4.0.gemspec
I, [2014-04-12T22:55:03.446231 #187997]  INFO -- : 0:  sqlite3 (1.3.8) from /usr/libexec/openshift/cartridges/c9-0.1/root/lib/ruby/gems/specifications/sqlite3-1.3.8.gemspec
I, [2014-04-12T22:55:03.446961 #187997]  INFO -- : 0:  turbolinks (2.2.0) from /usr/libexec/openshift/cartridges/c9-0.1/root/lib/ruby/gems/specifications/turbolinks-2.2.0.gemspec
I, [2014-04-12T22:55:03.448933 #187997]  INFO -- : 0:  uglifier (2.4.0) from /usr/libexec/openshift/cartridges/c9-0.1/root/lib/ruby/gems/specifications/uglifier-2.4.0.gemspec
